<?xml version="1.0" encoding="UTF-8"?>
<testsuite name="com.hh99_crewtalk.crewtalk_backend.CrewtalkBackendApplicationTests" tests="1" skipped="0" failures="0" errors="0" timestamp="2021-04-20T16:21:07" hostname="jeongseogmaeg.local" time="0.105">
  <properties/>
  <testcase name="contextLoads()" classname="com.hh99_crewtalk.crewtalk_backend.CrewtalkBackendApplicationTests" time="0.105"/>
  <system-out><![CDATA[01:21:02.244 [Test worker] DEBUG org.springframework.test.context.BootstrapUtils - Instantiating CacheAwareContextLoaderDelegate from class [org.springframework.test.context.cache.DefaultCacheAwareContextLoaderDelegate]
01:21:02.257 [Test worker] DEBUG org.springframework.test.context.BootstrapUtils - Instantiating BootstrapContext using constructor [public org.springframework.test.context.support.DefaultBootstrapContext(java.lang.Class,org.springframework.test.context.CacheAwareContextLoaderDelegate)]
01:21:02.303 [Test worker] DEBUG org.springframework.test.context.BootstrapUtils - Instantiating TestContextBootstrapper for test class [com.hh99_crewtalk.crewtalk_backend.CrewtalkBackendApplicationTests] from class [org.springframework.boot.test.context.SpringBootTestContextBootstrapper]
01:21:02.316 [Test worker] INFO org.springframework.boot.test.context.SpringBootTestContextBootstrapper - Neither @ContextConfiguration nor @ContextHierarchy found for test class [com.hh99_crewtalk.crewtalk_backend.CrewtalkBackendApplicationTests], using SpringBootContextLoader
01:21:02.319 [Test worker] DEBUG org.springframework.test.context.support.AbstractContextLoader - Did not detect default resource location for test class [com.hh99_crewtalk.crewtalk_backend.CrewtalkBackendApplicationTests]: class path resource [com/hh99_crewtalk/crewtalk_backend/CrewtalkBackendApplicationTests-context.xml] does not exist
01:21:02.319 [Test worker] DEBUG org.springframework.test.context.support.AbstractContextLoader - Did not detect default resource location for test class [com.hh99_crewtalk.crewtalk_backend.CrewtalkBackendApplicationTests]: class path resource [com/hh99_crewtalk/crewtalk_backend/CrewtalkBackendApplicationTestsContext.groovy] does not exist
01:21:02.320 [Test worker] INFO org.springframework.test.context.support.AbstractContextLoader - Could not detect default resource locations for test class [com.hh99_crewtalk.crewtalk_backend.CrewtalkBackendApplicationTests]: no resource found for suffixes {-context.xml, Context.groovy}.
01:21:02.320 [Test worker] INFO org.springframework.test.context.support.AnnotationConfigContextLoaderUtils - Could not detect default configuration classes for test class [com.hh99_crewtalk.crewtalk_backend.CrewtalkBackendApplicationTests]: CrewtalkBackendApplicationTests does not declare any static, non-private, non-final, nested classes annotated with @Configuration.
01:21:02.383 [Test worker] DEBUG org.springframework.test.context.support.ActiveProfilesUtils - Could not find an 'annotation declaring class' for annotation type [org.springframework.test.context.ActiveProfiles] and class [com.hh99_crewtalk.crewtalk_backend.CrewtalkBackendApplicationTests]
01:21:02.468 [Test worker] DEBUG org.springframework.context.annotation.ClassPathScanningCandidateComponentProvider - Identified candidate component class: file [/Users/underjoy/Desktop/hh99/Backup/crewtalk_backend/build/classes/java/main/com/hh99_crewtalk/crewtalk_backend/CrewtalkBackendApplication.class]
01:21:02.469 [Test worker] INFO org.springframework.boot.test.context.SpringBootTestContextBootstrapper - Found @SpringBootConfiguration com.hh99_crewtalk.crewtalk_backend.CrewtalkBackendApplication for test class com.hh99_crewtalk.crewtalk_backend.CrewtalkBackendApplicationTests
01:21:02.573 [Test worker] DEBUG org.springframework.boot.test.context.SpringBootTestContextBootstrapper - @TestExecutionListeners is not present for class [com.hh99_crewtalk.crewtalk_backend.CrewtalkBackendApplicationTests]: using defaults.
01:21:02.573 [Test worker] INFO org.springframework.boot.test.context.SpringBootTestContextBootstrapper - Loaded default TestExecutionListener class names from location [META-INF/spring.factories]: [org.springframework.boot.test.autoconfigure.restdocs.RestDocsTestExecutionListener, org.springframework.boot.test.autoconfigure.web.client.MockRestServiceServerResetTestExecutionListener, org.springframework.boot.test.autoconfigure.web.servlet.MockMvcPrintOnlyOnFailureTestExecutionListener, org.springframework.boot.test.autoconfigure.web.servlet.WebDriverTestExecutionListener, org.springframework.boot.test.autoconfigure.webservices.client.MockWebServiceServerTestExecutionListener, org.springframework.boot.test.mock.mockito.MockitoTestExecutionListener, org.springframework.boot.test.mock.mockito.ResetMocksTestExecutionListener, org.springframework.test.context.web.ServletTestExecutionListener, org.springframework.test.context.support.DirtiesContextBeforeModesTestExecutionListener, org.springframework.test.context.event.ApplicationEventsTestExecutionListener, org.springframework.test.context.support.DependencyInjectionTestExecutionListener, org.springframework.test.context.support.DirtiesContextTestExecutionListener, org.springframework.test.context.transaction.TransactionalTestExecutionListener, org.springframework.test.context.jdbc.SqlScriptsTestExecutionListener, org.springframework.test.context.event.EventPublishingTestExecutionListener]
01:21:02.594 [Test worker] INFO org.springframework.boot.test.context.SpringBootTestContextBootstrapper - Using TestExecutionListeners: [org.springframework.test.context.web.ServletTestExecutionListener@224324ed, org.springframework.test.context.support.DirtiesContextBeforeModesTestExecutionListener@78403e4c, org.springframework.test.context.event.ApplicationEventsTestExecutionListener@7b439dda, org.springframework.boot.test.mock.mockito.MockitoTestExecutionListener@5a545562, org.springframework.boot.test.autoconfigure.SpringBootDependencyInjectionTestExecutionListener@610b7689, org.springframework.test.context.support.DirtiesContextTestExecutionListener@18c096ba, org.springframework.test.context.transaction.TransactionalTestExecutionListener@7f0a7535, org.springframework.test.context.jdbc.SqlScriptsTestExecutionListener@70dc0f3, org.springframework.test.context.event.EventPublishingTestExecutionListener@3d8851a5, org.springframework.boot.test.autoconfigure.restdocs.RestDocsTestExecutionListener@21e175e8, org.springframework.boot.test.autoconfigure.web.client.MockRestServiceServerResetTestExecutionListener@d6e1f3c, org.springframework.boot.test.autoconfigure.web.servlet.MockMvcPrintOnlyOnFailureTestExecutionListener@648d5c3a, org.springframework.boot.test.autoconfigure.web.servlet.WebDriverTestExecutionListener@1b772c77, org.springframework.boot.test.autoconfigure.webservices.client.MockWebServiceServerTestExecutionListener@319344c4, org.springframework.boot.test.mock.mockito.ResetMocksTestExecutionListener@4cf92a35]
01:21:02.598 [Test worker] DEBUG org.springframework.test.context.support.AbstractDirtiesContextTestExecutionListener - Before test class: context [DefaultTestContext@4b04c7e4 testClass = CrewtalkBackendApplicationTests, testInstance = [null], testMethod = [null], testException = [null], mergedContextConfiguration = [WebMergedContextConfiguration@4f7cb098 testClass = CrewtalkBackendApplicationTests, locations = '{}', classes = '{class com.hh99_crewtalk.crewtalk_backend.CrewtalkBackendApplication}', contextInitializerClasses = '[]', activeProfiles = '{}', propertySourceLocations = '{}', propertySourceProperties = '{org.springframework.boot.test.context.SpringBootTestContextBootstrapper=true}', contextCustomizers = set[org.springframework.boot.test.autoconfigure.actuate.metrics.MetricsExportContextCustomizerFactory$DisableMetricExportContextCustomizer@580836c5, org.springframework.boot.test.autoconfigure.properties.PropertyMappingContextCustomizer@0, org.springframework.boot.test.autoconfigure.web.servlet.WebDriverContextCustomizerFactory$Customizer@43544b7e, org.springframework.boot.test.context.filter.ExcludeFilterContextCustomizer@2e092caa, org.springframework.boot.test.json.DuplicateJsonObjectContextCustomizerFactory$DuplicateJsonObjectContextCustomizer@24d2989f, org.springframework.boot.test.mock.mockito.MockitoContextCustomizer@0, org.springframework.boot.test.web.client.TestRestTemplateContextCustomizer@5a04f78f, org.springframework.boot.test.context.SpringBootTestArgs@1, org.springframework.boot.test.context.SpringBootTestWebEnvironment@22dbecb1], resourceBasePath = 'src/main/webapp', contextLoader = 'org.springframework.boot.test.context.SpringBootContextLoader', parent = [null]], attributes = map['org.springframework.test.context.web.ServletTestExecutionListener.activateListener' -> true]], class annotated with @DirtiesContext [false] with mode [null].
01:21:02.631 [Test worker] DEBUG org.springframework.test.context.support.TestPropertySourceUtils - Adding inlined properties to environment: {spring.jmx.enabled=false, org.springframework.boot.test.context.SpringBootTestContextBootstrapper=true}

  .   ____          _            __ _ _
 /\\ / ___'_ __ _ _(_)_ __  __ _ \ \ \ \
( ( )\___ | '_ | '_| | '_ \/ _` | \ \ \ \
 \\/  ___)| |_)| | | | | || (_| |  ) ) ) )
  '  |____| .__|_| |_|_| |_\__, | / / / /
 =========|_|==============|___/=/_/_/_/
 :: Spring Boot ::                (v2.4.4)

2021-04-21 01:21:02.967  WARN 31324 --- [    Test worker] ory$DuplicateJsonObjectContextCustomizer : 

Found multiple occurrences of org.json.JSONObject on the class path:

	jar:file:/Users/underjoy/.gradle/caches/modules-2/files-2.1/org.json/json/20160810/aca5eb39e2a12fddd6c472b240afe9ebea3a6733/json-20160810.jar!/org/json/JSONObject.class
	jar:file:/Users/underjoy/.gradle/caches/modules-2/files-2.1/com.vaadin.external.google/android-json/0.0.20131108.vaadin1/fa26d351fe62a6a17f5cda1287c1c6110dec413f/android-json-0.0.20131108.vaadin1.jar!/org/json/JSONObject.class

You may wish to exclude one of them to ensure predictable runtime behavior

2021-04-21 01:21:02.981  INFO 31324 --- [    Test worker] c.h.c.CrewtalkBackendApplicationTests    : Starting CrewtalkBackendApplicationTests using Java 1.8.0_275 on jeongseogmaeg.local with PID 31324 (started by underjoy in /Users/underjoy/Desktop/hh99/Backup/crewtalk_backend)
2021-04-21 01:21:02.983  INFO 31324 --- [    Test worker] c.h.c.CrewtalkBackendApplicationTests    : No active profile set, falling back to default profiles: default
2021-04-21 01:21:03.775  INFO 31324 --- [    Test worker] .s.d.r.c.RepositoryConfigurationDelegate : Bootstrapping Spring Data JPA repositories in DEFAULT mode.
2021-04-21 01:21:03.860  INFO 31324 --- [    Test worker] .s.d.r.c.RepositoryConfigurationDelegate : Finished Spring Data repository scanning in 77 ms. Found 4 JPA repository interfaces.
2021-04-21 01:21:04.463  INFO 31324 --- [    Test worker] com.zaxxer.hikari.HikariDataSource       : HikariPool-1 - Starting...
2021-04-21 01:21:04.951  INFO 31324 --- [    Test worker] com.zaxxer.hikari.HikariDataSource       : HikariPool-1 - Start completed.
2021-04-21 01:21:05.016  INFO 31324 --- [    Test worker] o.hibernate.jpa.internal.util.LogHelper  : HHH000204: Processing PersistenceUnitInfo [name: default]
2021-04-21 01:21:05.066  INFO 31324 --- [    Test worker] org.hibernate.Version                    : HHH000412: Hibernate ORM core version 5.4.29.Final
2021-04-21 01:21:05.218  INFO 31324 --- [    Test worker] o.hibernate.annotations.common.Version   : HCANN000001: Hibernate Commons Annotations {5.1.2.Final}
2021-04-21 01:21:05.333  INFO 31324 --- [    Test worker] org.hibernate.dialect.Dialect            : HHH000400: Using dialect: org.hibernate.dialect.MySQL8Dialect
2021-04-21 01:21:05.917  INFO 31324 --- [    Test worker] o.h.e.t.j.p.i.JtaPlatformInitiator       : HHH000490: Using JtaPlatform implementation: [org.hibernate.engine.transaction.jta.platform.internal.NoJtaPlatform]
2021-04-21 01:21:05.926  INFO 31324 --- [    Test worker] j.LocalContainerEntityManagerFactoryBean : Initialized JPA EntityManagerFactory for persistence unit 'default'
2021-04-21 01:21:06.373  WARN 31324 --- [    Test worker] JpaBaseConfiguration$JpaWebConfiguration : spring.jpa.open-in-view is enabled by default. Therefore, database queries may be performed during view rendering. Explicitly configure spring.jpa.open-in-view to disable this warning
2021-04-21 01:21:06.915  INFO 31324 --- [    Test worker] o.s.s.web.DefaultSecurityFilterChain     : Will secure any request with [org.springframework.security.web.context.request.async.WebAsyncManagerIntegrationFilter@5fc33cbe, org.springframework.security.web.context.SecurityContextPersistenceFilter@1860287c, org.springframework.security.web.header.HeaderWriterFilter@7582a567, org.springframework.web.filter.CorsFilter@77c4d295, org.springframework.security.web.authentication.logout.LogoutFilter@2ca175f0, com.hh99_crewtalk.crewtalk_backend.config.jwt.JwtAuthenticationFilter@7f54d8f4, com.hh99_crewtalk.crewtalk_backend.config.jwt.JwtAuthorizationFilter@577e0418, org.springframework.security.web.savedrequest.RequestCacheAwareFilter@1e165185, org.springframework.security.web.servletapi.SecurityContextHolderAwareRequestFilter@7228fd2f, org.springframework.security.web.authentication.AnonymousAuthenticationFilter@1315bf6, org.springframework.security.web.session.SessionManagementFilter@e5fbdc8, org.springframework.security.web.access.ExceptionTranslationFilter@735c95be, org.springframework.security.web.access.intercept.FilterSecurityInterceptor@52d8df13]
2021-04-21 01:21:07.281  INFO 31324 --- [    Test worker] o.s.s.concurrent.ThreadPoolTaskExecutor  : Initializing ExecutorService 'applicationTaskExecutor'
2021-04-21 01:21:07.369  INFO 31324 --- [    Test worker] o.s.b.a.h2.H2ConsoleAutoConfiguration    : H2 console available at '/h2-console'. Database available at 'jdbc:mysql://strong1133.cfzrnnoktpkb.ap-northeast-2.rds.amazonaws.com/strong1133'
2021-04-21 01:21:07.687  INFO 31324 --- [    Test worker] c.h.c.CrewtalkBackendApplicationTests    : Started CrewtalkBackendApplicationTests in 5.047 seconds (JVM running for 6.198)
]]></system-out>
  <system-err><![CDATA[]]></system-err>
</testsuite>
