<?xml version="1.0" encoding="UTF-8"?>
<testsuite name="com.hh99_crewtalk.crewtalk_backend.CrewtalkBackendApplicationTests" tests="1" skipped="0" failures="0" errors="0" timestamp="2021-04-15T05:38:47" hostname="jeongseogmaeg.local" time="0.07">
  <properties/>
  <testcase name="contextLoads()" classname="com.hh99_crewtalk.crewtalk_backend.CrewtalkBackendApplicationTests" time="0.07"/>
  <system-out><![CDATA[14:38:42.991 [Test worker] DEBUG org.springframework.test.context.BootstrapUtils - Instantiating CacheAwareContextLoaderDelegate from class [org.springframework.test.context.cache.DefaultCacheAwareContextLoaderDelegate]
14:38:43.004 [Test worker] DEBUG org.springframework.test.context.BootstrapUtils - Instantiating BootstrapContext using constructor [public org.springframework.test.context.support.DefaultBootstrapContext(java.lang.Class,org.springframework.test.context.CacheAwareContextLoaderDelegate)]
14:38:43.035 [Test worker] DEBUG org.springframework.test.context.BootstrapUtils - Instantiating TestContextBootstrapper for test class [com.hh99_crewtalk.crewtalk_backend.CrewtalkBackendApplicationTests] from class [org.springframework.boot.test.context.SpringBootTestContextBootstrapper]
14:38:43.049 [Test worker] INFO org.springframework.boot.test.context.SpringBootTestContextBootstrapper - Neither @ContextConfiguration nor @ContextHierarchy found for test class [com.hh99_crewtalk.crewtalk_backend.CrewtalkBackendApplicationTests], using SpringBootContextLoader
14:38:43.052 [Test worker] DEBUG org.springframework.test.context.support.AbstractContextLoader - Did not detect default resource location for test class [com.hh99_crewtalk.crewtalk_backend.CrewtalkBackendApplicationTests]: class path resource [com/hh99_crewtalk/crewtalk_backend/CrewtalkBackendApplicationTests-context.xml] does not exist
14:38:43.052 [Test worker] DEBUG org.springframework.test.context.support.AbstractContextLoader - Did not detect default resource location for test class [com.hh99_crewtalk.crewtalk_backend.CrewtalkBackendApplicationTests]: class path resource [com/hh99_crewtalk/crewtalk_backend/CrewtalkBackendApplicationTestsContext.groovy] does not exist
14:38:43.052 [Test worker] INFO org.springframework.test.context.support.AbstractContextLoader - Could not detect default resource locations for test class [com.hh99_crewtalk.crewtalk_backend.CrewtalkBackendApplicationTests]: no resource found for suffixes {-context.xml, Context.groovy}.
14:38:43.053 [Test worker] INFO org.springframework.test.context.support.AnnotationConfigContextLoaderUtils - Could not detect default configuration classes for test class [com.hh99_crewtalk.crewtalk_backend.CrewtalkBackendApplicationTests]: CrewtalkBackendApplicationTests does not declare any static, non-private, non-final, nested classes annotated with @Configuration.
14:38:43.094 [Test worker] DEBUG org.springframework.test.context.support.ActiveProfilesUtils - Could not find an 'annotation declaring class' for annotation type [org.springframework.test.context.ActiveProfiles] and class [com.hh99_crewtalk.crewtalk_backend.CrewtalkBackendApplicationTests]
14:38:43.159 [Test worker] DEBUG org.springframework.context.annotation.ClassPathScanningCandidateComponentProvider - Identified candidate component class: file [/Users/underjoy/Desktop/hh99/Backup/crewtalk_backend/build/classes/java/main/com/hh99_crewtalk/crewtalk_backend/CrewtalkBackendApplication.class]
14:38:43.160 [Test worker] INFO org.springframework.boot.test.context.SpringBootTestContextBootstrapper - Found @SpringBootConfiguration com.hh99_crewtalk.crewtalk_backend.CrewtalkBackendApplication for test class com.hh99_crewtalk.crewtalk_backend.CrewtalkBackendApplicationTests
14:38:43.249 [Test worker] DEBUG org.springframework.boot.test.context.SpringBootTestContextBootstrapper - @TestExecutionListeners is not present for class [com.hh99_crewtalk.crewtalk_backend.CrewtalkBackendApplicationTests]: using defaults.
14:38:43.249 [Test worker] INFO org.springframework.boot.test.context.SpringBootTestContextBootstrapper - Loaded default TestExecutionListener class names from location [META-INF/spring.factories]: [org.springframework.boot.test.autoconfigure.restdocs.RestDocsTestExecutionListener, org.springframework.boot.test.autoconfigure.web.client.MockRestServiceServerResetTestExecutionListener, org.springframework.boot.test.autoconfigure.web.servlet.MockMvcPrintOnlyOnFailureTestExecutionListener, org.springframework.boot.test.autoconfigure.web.servlet.WebDriverTestExecutionListener, org.springframework.boot.test.autoconfigure.webservices.client.MockWebServiceServerTestExecutionListener, org.springframework.boot.test.mock.mockito.MockitoTestExecutionListener, org.springframework.boot.test.mock.mockito.ResetMocksTestExecutionListener, org.springframework.test.context.web.ServletTestExecutionListener, org.springframework.test.context.support.DirtiesContextBeforeModesTestExecutionListener, org.springframework.test.context.event.ApplicationEventsTestExecutionListener, org.springframework.test.context.support.DependencyInjectionTestExecutionListener, org.springframework.test.context.support.DirtiesContextTestExecutionListener, org.springframework.test.context.transaction.TransactionalTestExecutionListener, org.springframework.test.context.jdbc.SqlScriptsTestExecutionListener, org.springframework.test.context.event.EventPublishingTestExecutionListener]
14:38:43.279 [Test worker] INFO org.springframework.boot.test.context.SpringBootTestContextBootstrapper - Using TestExecutionListeners: [org.springframework.test.context.web.ServletTestExecutionListener@3f079174, org.springframework.test.context.support.DirtiesContextBeforeModesTestExecutionListener@602a1222, org.springframework.test.context.event.ApplicationEventsTestExecutionListener@11b1c011, org.springframework.boot.test.mock.mockito.MockitoTestExecutionListener@4bc66a79, org.springframework.boot.test.autoconfigure.SpringBootDependencyInjectionTestExecutionListener@4849ce44, org.springframework.test.context.support.DirtiesContextTestExecutionListener@78c26e6d, org.springframework.test.context.transaction.TransactionalTestExecutionListener@67ec882c, org.springframework.test.context.jdbc.SqlScriptsTestExecutionListener@1f81b30a, org.springframework.test.context.event.EventPublishingTestExecutionListener@193c7550, org.springframework.boot.test.autoconfigure.restdocs.RestDocsTestExecutionListener@7266c11c, org.springframework.boot.test.autoconfigure.web.client.MockRestServiceServerResetTestExecutionListener@71c89a94, org.springframework.boot.test.autoconfigure.web.servlet.MockMvcPrintOnlyOnFailureTestExecutionListener@63437e44, org.springframework.boot.test.autoconfigure.web.servlet.WebDriverTestExecutionListener@192f1189, org.springframework.boot.test.autoconfigure.webservices.client.MockWebServiceServerTestExecutionListener@5d854d91, org.springframework.boot.test.mock.mockito.ResetMocksTestExecutionListener@682c608f]
14:38:43.289 [Test worker] DEBUG org.springframework.test.context.support.AbstractDirtiesContextTestExecutionListener - Before test class: context [DefaultTestContext@4063a737 testClass = CrewtalkBackendApplicationTests, testInstance = [null], testMethod = [null], testException = [null], mergedContextConfiguration = [WebMergedContextConfiguration@7e8591ab testClass = CrewtalkBackendApplicationTests, locations = '{}', classes = '{class com.hh99_crewtalk.crewtalk_backend.CrewtalkBackendApplication}', contextInitializerClasses = '[]', activeProfiles = '{}', propertySourceLocations = '{}', propertySourceProperties = '{org.springframework.boot.test.context.SpringBootTestContextBootstrapper=true}', contextCustomizers = set[org.springframework.boot.test.autoconfigure.actuate.metrics.MetricsExportContextCustomizerFactory$DisableMetricExportContextCustomizer@138e8109, org.springframework.boot.test.autoconfigure.properties.PropertyMappingContextCustomizer@0, org.springframework.boot.test.autoconfigure.web.servlet.WebDriverContextCustomizerFactory$Customizer@7f9b6d5e, org.springframework.boot.test.context.filter.ExcludeFilterContextCustomizer@1900c537, org.springframework.boot.test.json.DuplicateJsonObjectContextCustomizerFactory$DuplicateJsonObjectContextCustomizer@61237cf6, org.springframework.boot.test.mock.mockito.MockitoContextCustomizer@0, org.springframework.boot.test.web.client.TestRestTemplateContextCustomizer@70dfeb9a, org.springframework.boot.test.context.SpringBootTestArgs@1, org.springframework.boot.test.context.SpringBootTestWebEnvironment@6ce7801], resourceBasePath = 'src/main/webapp', contextLoader = 'org.springframework.boot.test.context.SpringBootContextLoader', parent = [null]], attributes = map['org.springframework.test.context.web.ServletTestExecutionListener.activateListener' -> true]], class annotated with @DirtiesContext [false] with mode [null].
14:38:43.347 [Test worker] DEBUG org.springframework.test.context.support.TestPropertySourceUtils - Adding inlined properties to environment: {spring.jmx.enabled=false, org.springframework.boot.test.context.SpringBootTestContextBootstrapper=true}

  .   ____          _            __ _ _
 /\\ / ___'_ __ _ _(_)_ __  __ _ \ \ \ \
( ( )\___ | '_ | '_| | '_ \/ _` | \ \ \ \
 \\/  ___)| |_)| | | | | || (_| |  ) ) ) )
  '  |____| .__|_| |_|_| |_\__, | / / / /
 =========|_|==============|___/=/_/_/_/
 :: Spring Boot ::                (v2.4.4)

2021-04-15 14:38:43.633  WARN 5130 --- [    Test worker] ory$DuplicateJsonObjectContextCustomizer : 

Found multiple occurrences of org.json.JSONObject on the class path:

	jar:file:/Users/underjoy/.gradle/caches/modules-2/files-2.1/org.json/json/20160810/aca5eb39e2a12fddd6c472b240afe9ebea3a6733/json-20160810.jar!/org/json/JSONObject.class
	jar:file:/Users/underjoy/.gradle/caches/modules-2/files-2.1/com.vaadin.external.google/android-json/0.0.20131108.vaadin1/fa26d351fe62a6a17f5cda1287c1c6110dec413f/android-json-0.0.20131108.vaadin1.jar!/org/json/JSONObject.class

You may wish to exclude one of them to ensure predictable runtime behavior

2021-04-15 14:38:43.645  INFO 5130 --- [    Test worker] c.h.c.CrewtalkBackendApplicationTests    : Starting CrewtalkBackendApplicationTests using Java 1.8.0_275 on jeongseogmaeg.local with PID 5130 (started by underjoy in /Users/underjoy/Desktop/hh99/Backup/crewtalk_backend)
2021-04-15 14:38:43.646  INFO 5130 --- [    Test worker] c.h.c.CrewtalkBackendApplicationTests    : No active profile set, falling back to default profiles: default
2021-04-15 14:38:44.223  INFO 5130 --- [    Test worker] .s.d.r.c.RepositoryConfigurationDelegate : Bootstrapping Spring Data JPA repositories in DEFAULT mode.
2021-04-15 14:38:44.280  INFO 5130 --- [    Test worker] .s.d.r.c.RepositoryConfigurationDelegate : Finished Spring Data repository scanning in 50 ms. Found 3 JPA repository interfaces.
2021-04-15 14:38:44.795  INFO 5130 --- [    Test worker] o.hibernate.jpa.internal.util.LogHelper  : HHH000204: Processing PersistenceUnitInfo [name: default]
2021-04-15 14:38:44.895  INFO 5130 --- [    Test worker] org.hibernate.Version                    : HHH000412: Hibernate ORM core version 5.4.29.Final
2021-04-15 14:38:45.018  INFO 5130 --- [    Test worker] o.hibernate.annotations.common.Version   : HCANN000001: Hibernate Commons Annotations {5.1.2.Final}
2021-04-15 14:38:45.111  INFO 5130 --- [    Test worker] com.zaxxer.hikari.HikariDataSource       : HikariPool-1 - Starting...
2021-04-15 14:38:45.279  INFO 5130 --- [    Test worker] com.zaxxer.hikari.HikariDataSource       : HikariPool-1 - Start completed.
2021-04-15 14:38:45.310  INFO 5130 --- [    Test worker] org.hibernate.dialect.Dialect            : HHH000400: Using dialect: org.hibernate.dialect.H2Dialect
Hibernate: drop table if exists Article CASCADE 
Hibernate: drop table if exists User CASCADE 
Hibernate: drop sequence if exists hibernate_sequence
Hibernate: create sequence hibernate_sequence start with 1 increment by 1
Hibernate: create table Article (id bigint not null, createdAt timestamp, modifiedAt timestamp, author varchar(255) not null, contents varchar(255) not null, stack varchar(255) not null, title varchar(255) not null, primary key (id))
Hibernate: create table User (id bigint generated by default as identity, createdAt timestamp, modifiedAt timestamp, name varchar(255) not null, password varchar(255) not null, stack varchar(255) not null, username varchar(255) not null, primary key (id))
2021-04-15 14:38:45.910  INFO 5130 --- [    Test worker] o.h.e.t.j.p.i.JtaPlatformInitiator       : HHH000490: Using JtaPlatform implementation: [org.hibernate.engine.transaction.jta.platform.internal.NoJtaPlatform]
2021-04-15 14:38:45.917  INFO 5130 --- [    Test worker] j.LocalContainerEntityManagerFactoryBean : Initialized JPA EntityManagerFactory for persistence unit 'default'
2021-04-15 14:38:46.298  WARN 5130 --- [    Test worker] JpaBaseConfiguration$JpaWebConfiguration : spring.jpa.open-in-view is enabled by default. Therefore, database queries may be performed during view rendering. Explicitly configure spring.jpa.open-in-view to disable this warning
2021-04-15 14:38:46.665  INFO 5130 --- [    Test worker] o.s.s.web.DefaultSecurityFilterChain     : Will secure any request with [org.springframework.security.web.context.request.async.WebAsyncManagerIntegrationFilter@54613beb, org.springframework.security.web.context.SecurityContextPersistenceFilter@68d3ab16, org.springframework.security.web.header.HeaderWriterFilter@1d129db6, org.springframework.web.filter.CorsFilter@377c7663, org.springframework.security.web.authentication.logout.LogoutFilter@6b40335f, com.hh99_crewtalk.crewtalk_backend.config.jwt.JwtAuthenticationFilter@35e27821, com.hh99_crewtalk.crewtalk_backend.config.jwt.JwtAuthorizationFilter@4aa84623, org.springframework.security.web.savedrequest.RequestCacheAwareFilter@405c29fd, org.springframework.security.web.servletapi.SecurityContextHolderAwareRequestFilter@a2cd544, org.springframework.security.web.authentication.AnonymousAuthenticationFilter@19816ea2, org.springframework.security.web.session.SessionManagementFilter@1143e93, org.springframework.security.web.access.ExceptionTranslationFilter@29bf8734, org.springframework.security.web.access.intercept.FilterSecurityInterceptor@404f4d02]
2021-04-15 14:38:47.128  INFO 5130 --- [    Test worker] o.s.s.concurrent.ThreadPoolTaskExecutor  : Initializing ExecutorService 'applicationTaskExecutor'
2021-04-15 14:38:47.176  INFO 5130 --- [    Test worker] o.s.b.a.h2.H2ConsoleAutoConfiguration    : H2 console available at '/h2-console'. Database available at 'jdbc:h2:mem:testdb'
2021-04-15 14:38:47.467  INFO 5130 --- [    Test worker] c.h.c.CrewtalkBackendApplicationTests    : Started CrewtalkBackendApplicationTests in 4.11 seconds (JVM running for 5.327)
]]></system-out>
  <system-err><![CDATA[]]></system-err>
</testsuite>
